[34m2019-08-30 14:47:34.975 CST [localconfig] completeInitialization -> INFO 001[0m Kafka.Version unset, setting to 0.10.2.0
[34m2019-08-30 14:47:34.983 CST [orderer.common.server] prettyPrintStruct -> INFO 002[0m Orderer config values:
	General.LedgerType = "file"
	General.ListenAddress = "orderer.test.com"
	General.ListenPort = 7050
	General.TLS.Enabled = true
	General.TLS.PrivateKey = "/root/codes/temp/crypto-config/ordererOrganizations/test.com/orderers/orderer.test.com/tls/server.key"
	General.TLS.Certificate = "/root/codes/temp/crypto-config/ordererOrganizations/test.com/orderers/orderer.test.com/tls/server.crt"
	General.TLS.RootCAs = [/root/codes/temp/crypto-config/ordererOrganizations/test.com/orderers/orderer.test.com/tls/ca.crt]
	General.TLS.ClientAuthRequired = false
	General.TLS.ClientRootCAs = []
	General.Cluster.ListenAddress = ""
	General.Cluster.ListenPort = 0
	General.Cluster.ServerCertificate = ""
	General.Cluster.ServerPrivateKey = ""
	General.Cluster.ClientCertificate = ""
	General.Cluster.ClientPrivateKey = ""
	General.Cluster.RootCAs = []
	General.Cluster.DialTimeout = 5s
	General.Cluster.RPCTimeout = 7s
	General.Cluster.ReplicationBufferSize = 20971520
	General.Cluster.ReplicationPullTimeout = 5s
	General.Cluster.ReplicationRetryTimeout = 5s
	General.Cluster.ReplicationBackgroundRefreshInterval = 5m0s
	General.Cluster.ReplicationMaxRetries = 12
	General.Cluster.SendBufferSize = 10
	General.Cluster.CertExpirationWarningThreshold = 168h0m0s
	General.Keepalive.ServerMinInterval = 1m0s
	General.Keepalive.ServerInterval = 2h0m0s
	General.Keepalive.ServerTimeout = 20s
	General.ConnectionTimeout = 0s
	General.GenesisMethod = "file"
	General.GenesisProfile = "TwoOrgsOrdererGenesis"
	General.SystemChannel = "test-system-channel-name"
	General.GenesisFile = "/root/codes/temp/genesis_block.pb"
	General.Profile.Enabled = false
	General.Profile.Address = "0.0.0.0:6060"
	General.LocalMSPDir = "/root/codes/temp/crypto-config/ordererOrganizations/test.com/orderers/orderer.test.com/msp"
	General.LocalMSPID = "OrdererMSP"
	General.BCCSP.ProviderName = "SW"
	General.BCCSP.SwOpts.SecLevel = 256
	General.BCCSP.SwOpts.HashFamily = "SHA2"
	General.BCCSP.SwOpts.Ephemeral = false
	General.BCCSP.SwOpts.FileKeystore.KeyStorePath = "/root/codes/temp/crypto-config/ordererOrganizations/test.com/orderers/orderer.test.com/msp/keystore"
	General.BCCSP.SwOpts.DummyKeystore =
	General.BCCSP.SwOpts.InmemKeystore =
	General.BCCSP.PluginOpts =
	General.Authentication.TimeWindow = 15m0s
	FileLedger.Location = "/root/codes/temp/orderer_ledger"
	FileLedger.Prefix = "hyperledger-fabric-ordererledger"
	RAMLedger.HistorySize = 1000
	Kafka.Retry.ShortInterval = 5s
	Kafka.Retry.ShortTotal = 10m0s
	Kafka.Retry.LongInterval = 5m0s
	Kafka.Retry.LongTotal = 12h0m0s
	Kafka.Retry.NetworkTimeouts.DialTimeout = 10s
	Kafka.Retry.NetworkTimeouts.ReadTimeout = 10s
	Kafka.Retry.NetworkTimeouts.WriteTimeout = 10s
	Kafka.Retry.Metadata.RetryMax = 3
	Kafka.Retry.Metadata.RetryBackoff = 250ms
	Kafka.Retry.Producer.RetryMax = 3
	Kafka.Retry.Producer.RetryBackoff = 100ms
	Kafka.Retry.Consumer.RetryBackoff = 2s
	Kafka.Verbose = false
	Kafka.Version = 0.10.2.0
	Kafka.TLS.Enabled = false
	Kafka.TLS.PrivateKey = ""
	Kafka.TLS.Certificate = ""
	Kafka.TLS.RootCAs = []
	Kafka.TLS.ClientAuthRequired = false
	Kafka.TLS.ClientRootCAs = []
	Kafka.SASLPlain.Enabled = false
	Kafka.SASLPlain.User = ""
	Kafka.SASLPlain.Password = ""
	Kafka.Topic.ReplicationFactor = 3
	Debug.BroadcastTraceDir = ""
	Debug.DeliverTraceDir = ""
	Consensus = map[WALDir:/var/hyperledger/production/orderer/etcdraft/wal SnapDir:/var/hyperledger/production/orderer/etcdraft/snapshot]
	Operations.ListenAddress = "127.0.0.1:8443"
	Operations.TLS.Enabled = false
	Operations.TLS.PrivateKey = ""
	Operations.TLS.Certificate = ""
	Operations.TLS.RootCAs = []
	Operations.TLS.ClientAuthRequired = false
	Operations.TLS.ClientRootCAs = []
	Metrics.Provider = "disabled"
	Metrics.Statsd.Network = "udp"
	Metrics.Statsd.Address = "127.0.0.1:8125"
	Metrics.Statsd.WriteInterval = 30s
	Metrics.Statsd.Prefix = ""
[34m2019-08-30 14:47:34.992 CST [orderer.common.server] extractSysChanLastConfig -> INFO 003[0m Bootstrapping because no existing channels
[34m2019-08-30 14:47:34.995 CST [orderer.common.server] initializeServerConfig -> INFO 004[0m Starting orderer with TLS enabled
[34m2019-08-30 14:47:34.995 CST [fsblkstorage] newBlockfileMgr -> INFO 005[0m Getting block information from block storage
[34m2019-08-30 14:47:35.002 CST [orderer.commmon.multichannel] Initialize -> INFO 006[0m Starting system channel 'testchainid' with genesis block hash cc804656ab2a1f44f2e6ff39111d5abf149478d4ce1b61b80fd6efc64bab53d1 and orderer type solo
[34m2019-08-30 14:47:35.002 CST [orderer.common.server] Start -> INFO 007[0m Starting orderer:
 Version: 1.4.2
 Commit SHA: c6cc550
 Go version: go1.11.5
 OS/Arch: linux/amd64
[34m2019-08-30 14:47:35.002 CST [orderer.common.server] Start -> INFO 008[0m Beginning to serve requests
[34m2019-08-30 14:47:59.000 CST [comm.grpc.server] 1 -> INFO 009[0m streaming call completed grpc.service=orderer.AtomicBroadcast grpc.method=Broadcast grpc.peer_address=127.0.0.1:52940 grpc.code=OK grpc.call_duration=11.771409ms
[34m2019-08-30 14:47:59.002 CST [fsblkstorage] newBlockfileMgr -> INFO 00a[0m Getting block information from block storage
[34m2019-08-30 14:47:59.003 CST [orderer.commmon.multichannel] newChain -> INFO 00b[0m Created and starting new chain mychannel
[33m2019-08-30 14:47:59.006 CST [common.deliver] Handle -> WARN 00c[0m Error reading from 127.0.0.1:52939: rpc error: code = Canceled desc = context canceled
[34m2019-08-30 14:47:59.006 CST [comm.grpc.server] 1 -> INFO 00d[0m streaming call completed grpc.service=orderer.AtomicBroadcast grpc.method=Deliver grpc.peer_address=127.0.0.1:52939 error="rpc error: code = Canceled desc = context canceled" grpc.code=Canceled grpc.call_duration=18.334624ms
